<?xml version="1.0" encoding="UTF-8"?>
<!-- Generated by org.testng.reporters.JUnitReportReporter -->
<testsuite hostname="vikram" failures="0" tests="2" name="com.vikram.tests.StandAloneTest" time="6.738" errors="0" timestamp="2024-12-15T08:50:26 IST" skipped="0">
  <testcase classname="com.vikram.tests.StandAloneTest" name="orderHistory" time="2.652"/>
  <testcase classname="com.vikram.tests.StandAloneTest" name="submitOrder" time="4.086"/>
</testsuite> <!-- com.vikram.tests.StandAloneTest -->
