<?xml version="1.0" encoding="UTF-8"?>
<!-- Generated by org.testng.reporters.JUnitReportReporter -->
<testsuite hostname="vikram" failures="0" tests="3" name="com.vikram.tests.SubmitOrderTest" time="16.990" errors="0" timestamp="2024-12-15T20:34:53 IST" skipped="0">
  <testcase classname="com.vikram.tests.SubmitOrderTest" name="submitOrder" time="4.231"/>
  <testcase classname="com.vikram.tests.SubmitOrderTest" name="orderHistory" time="8.412"/>
  <testcase classname="com.vikram.tests.SubmitOrderTest" name="submitOrder" time="4.347"/>
</testsuite> <!-- com.vikram.tests.SubmitOrderTest -->
