<?xml version="1.0" encoding="UTF-8"?>
<!-- Generated by org.testng.reporters.JUnitReportReporter -->
<testsuite hostname="vikram" failures="0" tests="2" name="com.vikram.tests.SubmitOrderTest" time="15.451" errors="0" timestamp="2024-12-15T20:46:27 IST" skipped="0">
  <testcase classname="com.vikram.tests.SubmitOrderTest" name="submitOrder" time="6.066"/>
  <testcase classname="com.vikram.tests.SubmitOrderTest" name="submitOrder" time="9.385"/>
</testsuite> <!-- com.vikram.tests.SubmitOrderTest -->
